14:09:09 CALLCOMP  EZ390 START USING z390 V1.5.06rx4 ON J2SE 1.7.0 05/12/12
 CDE LOAD=800FF988 LEN=00000678 NAME=W:\work\z390\CALLCOMP.390

 800FF988 0 90ECD00C     STM   RE=00002018 RC=F4F4F4F4 S2(0000210C)=00000000
 800FF98C 0 45FF0068     BAL   RF=800FF988 S2(000FF9F0)=50FD0008 ST   

 800FF9F0 0 50FD0008     ST    RF=800FF990 S2(00002108)=00000000
 800FF9F4 0 50DF0004     ST    RD=00002100 S2(000FF994)=00000000
 800FF9F8 0 18DF         LR    RD=00002100 RF=800FF990
 800FF9FA 0 0700         NOPR  R0(800FF988)=90ECD00C STM  
 800FF9FC 0 A7150004     BRAS  R1=00002300 S2(000FFA04)=C4FD00000016 LRL  

 800FFA04 0 C4FD00000016 LRL   RF=800FF990 S2(000FFA30)=000FFAF8
 800FFA0A 0 05EF         BALR  RE=00002018 RF=000FFAF8

 800FFAF8 0 90ECD00C     STM   RE=800FFA0C RC=F4F4F4F4 S2(000FF99C)=00000000
 800FFAFC 0 A785001A     BRAS  R8=F4F4F4F4 S2(000FFB30)=410080B0 LA   

 800FFB30 0 410080B0     LA    R0=800FF988 S2(000FFBB0)
 800FFB34 0 1BFF         SR    RF=000FFAF8 RF=000FFAF8
 800FFB36 0 0A08         SVC   I1=08 LOAD R1=PARMS R0=PGM(ZC390LIB)
 CDE LOAD=800FCBA0 LEN=00002DC0 NAME=linklib\ZC390LIB.390
 800FFB38 0 12FF         LTR   RF=00000000 RF=00000000
 800FFB3A 0 A7840013     BRE   S2(000FFB60)=1890 LR   

 800FFB60 0 1890         LR    R9=F4F4F4F4 R0=800FCBA0
 800FFB62 0 D503900080B8 CLC   S1(000FCBA0)=E9C3E5E3 S2(000FFBB8)=E9C3E5E3='ZCVT'
 800FFB68 0 A774000C     BRNE  S2(000FFB80)=A7150011 BRAS 
 800FFB6C 0 D503900480BC CLC   S1(000FCBA4)=000001F8 S2(000FFBBC)=000001F8='...8'
 800FFB72 0 47708080     BNE   S2(000FFB80)=A7150011 BRAS 
 800FFB76 0 58F09010     L     RF=00000000 S2(000FCBB0)=000FCE40
 800FFB7A 0 0DEF         BASR  RE=800FFA0C RF=000FCE40

 800FCE40 0 D20190788024 MVC   S1(000FCC18)=F6F6 S2(000FFB24)=0050='.&'
 800FCE46 0 D50780189008 CLC   S1(000FFB18)=E5F14BF54BF0F699 S2(000FCBA8)=E5F14BF54BF0F699='V1.5.06r'
 800FCE4C 0 4780F01E     BE    S2(000FCE5E)=95F08020 CLI  

 800FCE5E 0 95F08020     CLI   S2(000FFB20)=F0 I2=F0='0'
 800FCE62 0 4780F042     BE    S2(000FCE82)=07FE BR   

 800FCE82 0 07FE         BR    RE(800FFB7C)=A7F40022 J    

 800FFB7C 0 A7F40022     J     S2(000FFBC0)=582D0018 L    

 800FFBC0 0 582D0018     L     R2=F4F4F4F4 S2(000FF9A8)=800FFA00
 800FFBC4 0 C010000001BA LARL  R1=000005B8 S2(000FFF38)
 800FFBCA 0 501D0008     ST    R1=000FFF38 S2(000FF998)=00000000
 800FFBCE 0 50D10004     ST    RD=800FF990 S2(000FFF3C)=F6F6F6F6
 800FFBD2 0 18D1         LR    RD=800FF990 R1=000FFF38
 800FFBD4 0 50D0D050     ST    RD=000FFF38 S2(000FFF88)=F6F6F6F6
 800FFBD8 0 C00000000214 LARL  R0=800FCBA0 S2(00100000)
 800FFBDE 0 1B0D         SR    R0=00100000 RD=000FFF38
 800FFBE0 2 5000D054     ST    R0=000000C8 S2(000FFF8C)=F6F6F6F6
 800FFBE4 2 58020000     L     R0=000000C8 S2(000FFA00)=000FFA50
 800FFBE8 2 5000D0BB     ST    R0=000FFA50 S2(000FFFF3)=F6F6F6F6
 800FFBEC 2 5840D0BB     L     R4=F4F4F4F4 S2(000FFFF3)=000FFA50
 800FFBF0 2 78404000     LE    F4=F4F4F4F4 S2(000FFA50)=41180000
 800FFBF4 2 C40D0000018E LRL   R0=000FFA50 S2(000FFF10)=010A0000
 800FFBFA 2 010A         PFPO 
 800FFBFC 0 600090F8     STD   F0=2207C00000000000 S2(000FCC98)=F6F6F6F6F6F6F6F6
 800FFC00 0 60209100     STD   F2=0000000000000015 S2(000FCCA0)=F6F6F6F6F6F6F6F6
 800FFC04 0 68404004     LD    F4=4118000000000000 S2(000FFA54)=4118000000000000
 800FFC08 0 C40D00000186 LRL   R0=00000000 S2(000FFF14)=010A0100
 800FFC0E 0 010A         PFPO 
 800FFC10 0 681090F8     LD    F1=F4F4F4F4F4F4F4F4 S2(000FCC98)=2207C00000000000
 800FFC14 0 68309100     LD    F3=F4F4F4F4F4F4F4F4 S2(000FCCA0)=0000000000000015
 800FFC18 0 B3DA1000     AXTR  F0=2203800000000000 F0=2203800000000000 F1=2207C00000000000
 800FFC1C 2 600090F8     STD   F0=2203800000000000 S2(000FCC98)=2207C00000000000
 800FFC20 2 60209100     STD   F2=3000000000000000 S2(000FCCA0)=0000000000000015
 800FFC24 2 D20F910890F8 MVC   S1(000FCCA8)=F6F6F6F6F6F6F6F6F6F6F6F6F6F6F6F6 S2(000FCC98)=22038000000000003000000000000000='?.Ø.....?.......'
 800FFC2A 2 6840400C     LD    F4=4118000000000000 S2(000FFA5C)=4118000000000000
 800FFC2E 2 68604014     LD    F6=F4F4F4F4F4F4F4F4 S2(000FFA64)=3300000000000000
 800FFC32 2 C40D00000173 LRL   R0=00000000 S2(000FFF18)=010A0200
 800FFC38 2 010A         PFPO 
 800FFC3A 0 68109108     LD    F1=2207C00000000000 S2(000FCCA8)=2203800000000000
 800FFC3E 0 68309110     LD    F3=0000000000000015 S2(000FCCB0)=3000000000000000
 800FFC42 0 B3DA1000     AXTR  F0=25FFE80000000000 F0=25FFE80000000000 F1=2203800000000000
 800FFC46 2 60009108     STD   F0=31FFE80000000000 S2(000FCCA8)=2203800000000000
 800FFC4A 2 60209110     STD   F2=0000000000000000 S2(000FCCB0)=3000000000000000
 800FFC4E 2 D20F90F89108 MVC   S1(000FCC98)=22038000000000003000000000000000 S2(000FCCA8)=31FFE800000000000000000000000000='??Y.............'
 800FFC54 2 7840401C     LE    F4=41180000 S2(000FFA6C)=3FC00000
 800FFC58 2 C40D00000162 LRL   R0=00000000 S2(000FFF1C)=010A0500
 800FFC5E 2 010A         PFPO 
 800FFC60 0 681090F8     LD    F1=2203800000000000 S2(000FCC98)=31FFE80000000000
 800FFC64 0 68309100     LD    F3=3000000000000000 S2(000FCCA0)=0000000000000000
 800FFC68 0 B3DA1000     AXTR  F0=2207C00000000000 F0=2207C00000000000 F1=31FFE80000000000
 800FFC6C 2 600090F8     STD   F0=39FFC00000000000 S2(000FCC98)=31FFE80000000000
 800FFC70 2 60209100     STD   F2=0000000000000000 S2(000FCCA0)=0000000000000000
 800FFC74 2 D20F910890F8 MVC   S1(000FCCA8)=31FFE800000000000000000000000000 S2(000FCC98)=39FFC000000000000000000000000000='??{.............'
 800FFC7A 2 68404020     LD    F4=3FC0000000000000 S2(000FFA70)=3FF8000000000000
 800FFC7E 2 C40D00000151 LRL   R0=00000000 S2(000FFF20)=010A0600
 800FFC84 2 010A         PFPO 
 800FFC86 0 68109108     LD    F1=31FFE80000000000 S2(000FCCA8)=39FFC00000000000
 800FFC8A 0 68309110     LD    F3=0000000000000000 S2(000FCCB0)=0000000000000000
 800FFC8E 0 B3DA1000     AXTR  F0=2207C00000000000 F0=2207C00000000000 F1=39FFC00000000000
 800FFC92 2 60009108     STD   F0=3DFFE80000000000 S2(000FCCA8)=39FFC00000000000
 800FFC96 2 60209110     STD   F2=0000000000000000 S2(000FCCB0)=0000000000000000
 800FFC9A 2 D20F90F89108 MVC   S1(000FCC98)=39FFC000000000000000000000000000 S2(000FCCA8)=3DFFE800000000000000000000000000='.?Y.............'
 800FFCA0 2 68404028     LD    F4=3FF8000000000000 S2(000FFA78)=3FFF800000000000
 800FFCA4 2 68604030     LD    F6=3300000000000000 S2(000FFA80)=0000000000000000
 800FFCA8 2 C40D0000013E LRL   R0=00000000 S2(000FFF24)=010A0700
 800FFCAE 2 010A         PFPO 
 800FFCB0 0 681090F8     LD    F1=39FFC00000000000 S2(000FCC98)=3DFFE80000000000
 800FFCB4 0 68309100     LD    F3=0000000000000000 S2(000FCCA0)=0000000000000000
 800FFCB8 0 B3DA1000     AXTR  F0=25FFE80000000000 F0=25FFE80000000000 F1=3DFFE80000000000
 800FFCBC 2 600090F8     STD   F0=6DFFC00000000000 S2(000FCC98)=3DFFE80000000000
 800FFCC0 2 60209100     STD   F2=0000000000000000 S2(000FCCA0)=0000000000000000
 800FFCC4 2 D20F910890F8 MVC   S1(000FCCA8)=3DFFE800000000000000000000000000 S2(000FCC98)=6DFFC000000000000000000000000000='_?{.............'
 800FFCCA 2 78404038     LE    F4=3FFF8000 S2(000FFA88)=22400015
 800FFCCE 2 C40D0000012D LRL   R0=00000000 S2(000FFF28)=010A0800
 800FFCD4 2 010A         PFPO 
 800FFCD6 0 68109108     LD    F1=3DFFE80000000000 S2(000FCCA8)=6DFFC00000000000
 800FFCDA 0 68309110     LD    F3=0000000000000000 S2(000FCCB0)=0000000000000000
 800FFCDE 0 B3DA1000     AXTR  F0=2207C00000000000 F0=2207C00000000000 F1=6DFFC00000000000
 800FFCE2 2 60009108     STD   F0=2600050000000000 S2(000FCCA8)=6DFFC00000000000
 800FFCE6 2 60209110     STD   F2=0000000000000000 S2(000FCCB0)=0000000000000000
 800FFCEA 2 D20F90F89108 MVC   S1(000FCC98)=6DFFC000000000000000000000000000 S2(000FCCA8)=26000500000000000000000000000000='................'
 800FFCF0 2 6840403C     LD    F4=2240001500000000 S2(000FFA8C)=2234000000000015
 800FFCF4 2 C40D0000011C LRL   R0=00000000 S2(000FFF2C)=010A0900
 800FFCFA 2 010A         PFPO 
 800FFCFC 0 681090F8     LD    F1=6DFFC00000000000 S2(000FCC98)=2600050000000000
 800FFD00 0 68309100     LD    F3=0000000000000000 S2(000FCCA0)=0000000000000000
 800FFD04 0 B3DA1000     AXTR  F0=2207C00000000000 F0=2207C00000000000 F1=2600050000000000
 800FFD08 2 600090F8     STD   F0=2600100000000000 S2(000FCC98)=2600050000000000
 800FFD0C 2 60209100     STD   F2=0000000000000000 S2(000FCCA0)=0000000000000000
 800FFD10 2 D20F910890F8 MVC   S1(000FCCA8)=26000500000000000000000000000000 S2(000FCC98)=26001000000000000000000000000000='................'
 800FFD16 2 68004044     LD    F0=2600100000000000 S2(000FFA94)=2207C00000000000
 800FFD1A 2 6820404C     LD    F2=0000000000000000 S2(000FFA9C)=0000000000000015
 800FFD1E 2 68109108     LD    F1=2600050000000000 S2(000FCCA8)=2600100000000000
 800FFD22 2 68309110     LD    F3=0000000000000000 S2(000FCCB0)=0000000000000000
 800FFD26 2 B3DA1000     AXTR  F0=2207C00000000000 F0=2207C00000000000 F1=2600100000000000
 800FFD2A 2 60009108     STD   F0=26001D0000000000 S2(000FCCA8)=2600100000000000
 800FFD2E 2 60209110     STD   F2=0000000000000000 S2(000FCCB0)=0000000000000000
 800FFD32 2 D20F90F89108 MVC   S1(000FCC98)=26001000000000000000000000000000 S2(000FCCA8)=26001D00000000000000000000000000='................'
 800FFD38 2 E30040540015 LGH   R0=F4F4F4F400000000 S2(000FFAA4)=000F
 800FFD3E 2 B3F90000     CXGTR F0=26001D0000000000 R0=000000000000000F
 800FFD42 2 C010000000BF LARL  R1=000FFF38 S2(000FFEC0)
 800FFD48 2 68110000     LD    F1=2600100000000000 S2(000FFEC0)=2208400000000000
 800FFD4C 2 68310008     LD    F3=0000000000000000 S2(000FFEC8)=0000000000000001
 800FFD50 2 B3D91000     DXTR  F0=2208000000000000 F0=2208000000000000 F1=2208400000000000
 800FFD54 2 681090F8     LD    F1=2208400000000000 S2(000FCC98)=26001D0000000000
 800FFD58 2 68309100     LD    F3=0000000000000001 S2(000FCCA0)=0000000000000000
 800FFD5C 2 B3DA1000     AXTR  F0=2207C00000000000 F0=2207C00000000000 F1=26001D0000000000
 800FFD60 2 600090F8     STD   F0=2600280000000000 S2(000FCC98)=26001D0000000000
 800FFD64 2 60209100     STD   F2=0000000000000000 S2(000FCCA0)=0000000000000000
 800FFD68 2 D20F910890F8 MVC   S1(000FCCA8)=26001D00000000000000000000000000 S2(000FCC98)=26002800000000000000000000000000='..?.............'
 800FFD6E 2 E30040560014 LGF   R0=000000000000000F S2(000FFAA6)=00000096
 800FFD74 2 B3F90000     CXGTR F0=2600280000000000 R0=0000000000000096
 800FFD78 2 C010000000AC LARL  R1=000FFEC0 S2(000FFED0)
 800FFD7E 2 68110000     LD    F1=26001D0000000000 S2(000FFED0)=2208800000000000
 800FFD82 2 68310008     LD    F3=0000000000000000 S2(000FFED8)=0000000000000001
 800FFD86 2 B3D91000     DXTR  F0=2208000000000000 F0=2208000000000000 F1=2208800000000000
 800FFD8A 2 68109108     LD    F1=2208800000000000 S2(000FCCA8)=2600280000000000
 800FFD8E 2 68309110     LD    F3=0000000000000001 S2(000FCCB0)=0000000000000000
 800FFD92 2 B3DA1000     AXTR  F0=2207800000000000 F0=2207800000000000 F1=2600280000000000
 800FFD96 2 60009108     STD   F0=2600350000000000 S2(000FCCA8)=2600280000000000
 800FFD9A 2 60209110     STD   F2=0000000000000000 S2(000FCCB0)=0000000000000000
 800FFD9E 2 D20F90F89108 MVC   S1(000FCC98)=26002800000000000000000000000000 S2(000FCCA8)=26003500000000000000000000000000='..?.............'
 800FFDA4 2 E300405A0004 LG    R0=0000000000000096 S2(000FFAAA)=00000000000005DC
 800FFDAA 2 B3F90000     CXGTR F0=2600350000000000 R0=00000000000005DC
 800FFDAE 2 C01000000099 LARL  R1=000FFED0 S2(000FFEE0)
 800FFDB4 2 68110000     LD    F1=2600280000000000 S2(000FFEE0)=2208C00000000000
 800FFDB8 2 68310008     LD    F3=0000000000000000 S2(000FFEE8)=0000000000000001
 800FFDBC 2 B3D91000     DXTR  F0=2208000000000000 F0=2208000000000000 F1=2208C00000000000
 800FFDC0 2 681090F8     LD    F1=2208C00000000000 S2(000FCC98)=2600350000000000
 800FFDC4 2 68309100     LD    F3=0000000000000001 S2(000FCCA0)=0000000000000000
 800FFDC8 2 B3DA1000     AXTR  F0=2207400000000000 F0=2207400000000000 F1=2600350000000000
 800FFDCC 2 600090F8     STD   F0=260000C000000000 S2(000FCC98)=2600350000000000
 800FFDD0 2 60209100     STD   F2=0000000000000000 S2(000FCCA0)=0000000000000000
 800FFDD4 2 D20F910890F8 MVC   S1(000FCCA8)=26003500000000000000000000000000 S2(000FCC98)=260000C0000000000000000000000000='...{............'
 800FFDDA 2 E30040620004 LG    R0=00000000000005DC S2(000FFAB2)=0000000000000000
 800FFDE0 2 E310406A0004 LG    R1=F4F4F4F4000FFEE0 S2(000FFABA)=0000000000003A98
 800FFDE6 2 58F09024     L     RF=000FCE40 S2(000FCBC4)=000FD008
 800FFDEA 2 0DEF         BASR  RE=800FFB7C RF=000FD008

 800FD008 2 EB24FB4E0024 STMG  R2=F4F4F4F4800FFA00 R4=F4F4F4F4000FFA50 S2(000FDB56)=F6F6F6F6F6F6F6F6
 800FD00E 2 B9020000     LTGR  R0=0000000000000000 R0=0000000000000000
 800FD012 0 47B0F032     BNL   S2(000FD03A)=4D20F04C BAS  

 800FD03A 0 4D20F04C     BAS   R2=800FFA00 S2(000FD054)=C20E0000

 800FD054 0 C20E00000000 CLGFI R0=0000000000000000 I2=00000000
 800FD05A 0 4770F062     BNE   S2(000FD06A)=A738406F LHI  
 800FD05E 0 C21E00000000 CLGFI R1=0000000000003A98 I2=00000000
 800FD064 2 4770F062     BNE   S2(000FD06A)=A738406F LHI  

 800FD06A 2 A738406F     LHI   R3=F4F4F4F4 I2=406F
 800FD06E 2 A702FFFE     TMHH  R0=0000000000000000 I2=FFFE
 800FD072 0 4780F072     BE    S2(000FD07A)=47F0F096 B    

 800FD07A 0 47F0F096     B     S2(000FD09E)=A7020001 TMHH 

 800FD09E 0 A7020001     TMHH  R0=0000000000000000 I2=0001
 800FD0A2 0 4770F0A2     BNE   S2(000FD0AA)=47F0F0EA B    
 800FD0A6 0 47F0F0A6     B     S2(000FD0AE)=A703FFFF TMHL 

 800FD0AE 0 A703FFFF     TMHL  R0=0000000000000000 I2=FFFF
 800FD0B2 0 4770F0B2     BNE   S2(000FD0BA)=47F0F0D0 B    
 800FD0B6 0 47F0F0B6     B     S2(000FD0BE)=EB000010000D SLLG 

 800FD0BE 0 EB000010000D SLLG  R0=0000000000000000 R0=0000000000000000 S2(00000010)
 800FD0C4 0 EC01303F1055 RISBG R0=0000000000000000 R1=0000000000003A98 I3=30 I4=3F I5=10
 800FD0CA 0 EB110010000D SLLG  R1=0000000000003A98 R1=0000000000003A98 S2(00000010)
 800FD0D0 0 A73AFFF0     AHI   R3=0000406F I2=FFF0
 800FD0D4 2 47F0F0A6     B     S2(000FD0AE)=A703FFFF TMHL 

 800FD0AE 2 A703FFFF     TMHL  R0=0000000000000000 I2=FFFF
 800FD0B2 0 4770F0B2     BNE   S2(000FD0BA)=47F0F0D0 B    
 800FD0B6 0 47F0F0B6     B     S2(000FD0BE)=EB000010000D SLLG 

 800FD0BE 0 EB000010000D SLLG  R0=0000000000000000 R0=0000000000000000 S2(00000010)
 800FD0C4 0 EC01303F1055 RISBG R0=0000000000000000 R1=000000003A980000 I3=30 I4=3F I5=10
 800FD0CA 0 EB110010000D SLLG  R1=000000003A980000 R1=000000003A980000 S2(00000010)
 800FD0D0 0 A73AFFF0     AHI   R3=0000405F I2=FFF0
 800FD0D4 2 47F0F0A6     B     S2(000FD0AE)=A703FFFF TMHL 

 800FD0AE 2 A703FFFF     TMHL  R0=0000000000000000 I2=FFFF
 800FD0B2 0 4770F0B2     BNE   S2(000FD0BA)=47F0F0D0 B    
 800FD0B6 0 47F0F0B6     B     S2(000FD0BE)=EB000010000D SLLG 

 800FD0BE 0 EB000010000D SLLG  R0=0000000000000000 R0=0000000000000000 S2(00000010)
 800FD0C4 0 EC01303F1055 RISBG R0=0000000000000000 R1=00003A9800000000 I3=30 I4=3F I5=10
 800FD0CA 0 EB110010000D SLLG  R1=00003A9800000000 R1=00003A9800000000 S2(00000010)
 800FD0D0 0 A73AFFF0     AHI   R3=0000404F I2=FFF0
 800FD0D4 2 47F0F0A6     B     S2(000FD0AE)=A703FFFF TMHL 

 800FD0AE 2 A703FFFF     TMHL  R0=0000000000000000 I2=FFFF
 800FD0B2 0 4770F0B2     BNE   S2(000FD0BA)=47F0F0D0 B    
 800FD0B6 0 47F0F0B6     B     S2(000FD0BE)=EB000010000D SLLG 

 800FD0BE 0 EB000010000D SLLG  R0=0000000000000000 R0=0000000000000000 S2(00000010)
 800FD0C4 0 EC01303F1055 RISBG R0=0000000000000000 R1=3A98000000000000 I3=30 I4=3F I5=10
 800FD0CA 2 EB110010000D SLLG  R1=3A98000000000000 R1=3A98000000000000 S2(00000010)
 800FD0D0 2 A73AFFF0     AHI   R3=0000403F I2=FFF0
 800FD0D4 2 47F0F0A6     B     S2(000FD0AE)=A703FFFF TMHL 

 800FD0AE 2 A703FFFF     TMHL  R0=0000000000003A98 I2=FFFF
 800FD0B2 0 4770F0B2     BNE   S2(000FD0BA)=47F0F0D0 B    
 800FD0B6 0 47F0F0B6     B     S2(000FD0BE)=EB000010000D SLLG 

 800FD0BE 0 EB000010000D SLLG  R0=0000000000003A98 R0=0000000000003A98 S2(00000010)
 800FD0C4 0 EC01303F1055 RISBG R0=000000003A980000 R1=0000000000000000 I3=30 I4=3F I5=10
 800FD0CA 2 EB110010000D SLLG  R1=0000000000000000 R1=0000000000000000 S2(00000010)
 800FD0D0 2 A73AFFF0     AHI   R3=0000402F I2=FFF0
 800FD0D4 2 47F0F0A6     B     S2(000FD0AE)=A703FFFF TMHL 

 800FD0AE 2 A703FFFF     TMHL  R0=000000003A980000 I2=FFFF
 800FD0B2 0 4770F0B2     BNE   S2(000FD0BA)=47F0F0D0 B    
 800FD0B6 0 47F0F0B6     B     S2(000FD0BE)=EB000010000D SLLG 

 800FD0BE 0 EB000010000D SLLG  R0=000000003A980000 R0=000000003A980000 S2(00000010)
 800FD0C4 0 EC01303F1055 RISBG R0=00003A9800000000 R1=0000000000000000 I3=30 I4=3F I5=10
 800FD0CA 2 EB110010000D SLLG  R1=0000000000000000 R1=0000000000000000 S2(00000010)
 800FD0D0 2 A73AFFF0     AHI   R3=0000401F I2=FFF0
 800FD0D4 2 47F0F0A6     B     S2(000FD0AE)=A703FFFF TMHL 

 800FD0AE 2 A703FFFF     TMHL  R0=00003A9800000000 I2=FFFF
 800FD0B2 1 4770F0B2     BNE   S2(000FD0BA)=47F0F0D0 B    

 800FD0BA 1 47F0F0D0     B     S2(000FD0D8)=EB000001000D SLLG 

 800FD0D8 1 EB000001000D SLLG  R0=00003A9800000000 R0=00003A9800000000 S2(00000001)
 800FD0DE 1 EC013F3F0155 RISBG R0=0000753000000000 R1=0000000000000000 I3=3F I4=3F I5=01
 800FD0E4 2 EB110001000D SLLG  R1=0000000000000000 R1=0000000000000000 S2(00000001)
 800FD0EA 2 A73AFFFF     AHI   R3=0000400F I2=FFFF
 800FD0EE 2 47F0F096     B     S2(000FD09E)=A7020001 TMHH 

 800FD09E 2 A7020001     TMHH  R0=0000753000000000 I2=0001
 800FD0A2 0 4770F0A2     BNE   S2(000FD0AA)=47F0F0EA B    
 800FD0A6 0 47F0F0A6     B     S2(000FD0AE)=A703FFFF TMHL 

 800FD0AE 0 A703FFFF     TMHL  R0=0000753000000000 I2=FFFF
 800FD0B2 1 4770F0B2     BNE   S2(000FD0BA)=47F0F0D0 B    

 800FD0BA 1 47F0F0D0     B     S2(000FD0D8)=EB000001000D SLLG 

 800FD0D8 1 EB000001000D SLLG  R0=0000753000000000 R0=0000753000000000 S2(00000001)
 800FD0DE 1 EC013F3F0155 RISBG R0=0000EA6000000000 R1=0000000000000000 I3=3F I4=3F I5=01
 800FD0E4 2 EB110001000D SLLG  R1=0000000000000000 R1=0000000000000000 S2(00000001)
 800FD0EA 2 A73AFFFF     AHI   R3=0000400E I2=FFFF
 800FD0EE 2 47F0F096     B     S2(000FD09E)=A7020001 TMHH 

 800FD09E 2 A7020001     TMHH  R0=0000EA6000000000 I2=0001
 800FD0A2 0 4770F0A2     BNE   S2(000FD0AA)=47F0F0EA B    
 800FD0A6 0 47F0F0A6     B     S2(000FD0AE)=A703FFFF TMHL 

 800FD0AE 0 A703FFFF     TMHL  R0=0000EA6000000000 I2=FFFF
 800FD0B2 2 4770F0B2     BNE   S2(000FD0BA)=47F0F0D0 B    

 800FD0BA 2 47F0F0D0     B     S2(000FD0D8)=EB000001000D SLLG 

 800FD0D8 2 EB000001000D SLLG  R0=0000EA6000000000 R0=0000EA6000000000 S2(00000001)
 800FD0DE 2 EC013F3F0155 RISBG R0=0001D4C000000000 R1=0000000000000000 I3=3F I4=3F I5=01
 800FD0E4 2 EB110001000D SLLG  R1=0000000000000000 R1=0000000000000000 S2(00000001)
 800FD0EA 2 A73AFFFF     AHI   R3=0000400D I2=FFFF
 800FD0EE 2 47F0F096     B     S2(000FD09E)=A7020001 TMHH 

 800FD09E 2 A7020001     TMHH  R0=0001D4C000000000 I2=0001
 800FD0A2 3 4770F0A2     BNE   S2(000FD0AA)=47F0F0EA B    

 800FD0AA 3 47F0F0EA     B     S2(000FD0F2)=EB330030000D SLLG 

 800FD0F2 3 EB330030000D SLLG  R3=F4F4F4F40000400C R3=F4F4F4F40000400C S2(00000030)
 800FD0F8 3 A5040000     NIHH  R0=0001D4C000000000 I2=0000
 800FD0FC 1 B9810003     OGR   R0=0000D4C000000000 R3=400C000000000000
 800FD100 1 07F2         BR    R2(800FD03E)=EB01FBCE0024 STMG 

 800FD03E 1 EB01FBCE0024 STMG  R0=400CD4C000000000 R1=0000000000000000 S2(000FDBD6)=F6F6F6F6F6F6F6F6
 800FD044 1 6840FBCE     LD    F4=2234000000000015 S2(000FDBD6)=400CD4C000000000
 800FD048 1 6860FBD6     LD    F6=0000000000000000 S2(000FDBDE)=0000000000000000
 800FD04C 1 EB24FB4E0004 LMG   R2=F4F4F4F4800FD03E R4=F4F4F4F4000FFA50 S2(000FDB56)=F4F4F4F4800FFA00
 800FD052 1 07FE         BR    RE(800FFDEC)=C40D0000009C LRL  

 800FFDEC 1 C40D0000009C LRL   R0=00000000 S2(000FFF24)=010A0700
 800FFDF2 1 010A         PFPO 
 800FFDF4 0 C0100000007E LARL  R1=00000000 S2(000FFEF0)
 800FFDFA 0 68110000     LD    F1=2600350000000000 S2(000FFEF0)=2209000000000000
 800FFDFE 0 68310008     LD    F3=0000000000000000 S2(000FFEF8)=0000000000000001
 800FFE02 0 B3D91000     DXTR  F0=2600E80000000000 F0=2600E80000000000 F1=2209000000000000
 800FFE06 0 68109108     LD    F1=2209000000000000 S2(000FCCA8)=260000C000000000
 800FFE0A 0 68309110     LD    F3=0000000000000001 S2(000FCCB0)=0000000000000000
 800FFE0E 0 B3DA1000     AXTR  F0=25FFE80000000000 F0=25FFE80000000000 F1=260000C000000000
 800FFE12 2 60009108     STD   F0=26000DC000000000 S2(000FCCA8)=260000C000000000
 800FFE16 2 60209110     STD   F2=0000000000000000 S2(000FCCB0)=0000000000000000
 800FFE1A 2 D20F90F89108 MVC   S1(000FCC98)=260000C0000000000000000000000000 S2(000FCCA8)=26000DC0000000000000000000000000='...{............'
 800FFE20 2 F8FF90A84072 ZAP   S1(000FCC48)=F6F6F6F6F6F6F6F6F6F6F6F6F6F6F6F6 S2(000FFAC2)=0000000000000000000000000150000C
 800FFE26 2 EB0190A80004 LMG   R0=400CD4C000000000 R1=00000000000FFEF0 S2(000FCC48)=0000000000000000
 800FFE2C 2 B3FB0000     CXSTR F0=26000DC000000000 R0=0000000000000000
 800FFE30 2 C01000000068 LARL  R1=0150000C S2(000FFF00)
 800FFE36 2 68110000     LD    F1=260000C000000000 S2(000FFF00)=2209400000000000
 800FFE3A 2 68310008     LD    F3=0000000000000000 S2(000FFF08)=0000000000000001
 800FFE3E 2 B3D91000     DXTR  F0=2208000000000000 F0=2208000000000000 F1=2209400000000000
 800FFE42 2 681090F8     LD    F1=2209400000000000 S2(000FCC98)=26000DC000000000
 800FFE46 2 68309100     LD    F3=0000000000000001 S2(000FCCA0)=0000000000000000
 800FFE4A 2 B3DA1000     AXTR  F0=2206C00000000000 F0=2206C00000000000 F1=26000DC000000000
 800FFE4E 2 600090F8     STD   F0=2A00080000000000 S2(000FCC98)=26000DC000000000
 800FFE52 2 60209100     STD   F2=0000000000000000 S2(000FCCA0)=0000000000000000
 800FFE56 2 684090F8     LD    F4=400CD4C000000000 S2(000FCC98)=2A00080000000000
 800FFE5A 2 68609100     LD    F6=0000000000000000 S2(000FCCA0)=0000000000000000
 800FFE5E 2 C01000000031 LARL  R1=000FFF00 S2(000FFEC0)
 800FFE64 2 68310008     LD    F3=0000000000000000 S2(000FFEC8)=0000000000000001
 800FFE68 2 68110000     LD    F1=26000DC000000000 S2(000FFEC0)=2208400000000000
 800FFE6C 2 B3D81044     MXTR  F4=2A00080000000000 F4=2A00080000000000 F1=2208400000000000
 800FFE70 2 C40D00000060 LRL   R0=00000000 S2(000FFF30)=010A0A00
 800FFE76 2 010A         PFPO 
 800FFE78 0 58F09020     L     RF=000FD008 S2(000FCBC0)=000FCFD2
 800FFE7C 0 0DEF         BASR  RE=800FFDEC RF=000FCFD2

 800FCFD2 0 EB23FB840024 STMG  R2=F4F4F4F4800FFA00 R3=F4F4F4F4F4F4F4F4 S2(000FDB56)=F4F4F4F4800FFA00
 800FCFD8 0 B3DF0000     FIXTR F0=2A00480000000000 M3=0 F0=2A00480000000000 M4=0
 800FCFDC 0 B3ED0020     EEXTR R2=F4F4F4F4800FFA00 F0=2A00480000000000
 800FCFE0 0 C228FFFFE7E0 AGFI  R2=0000000000001801 I2=FFFFE7E0
 800FCFE6 1 4740F022     BL    S2(000FCFF4)=1322 LCR  

 800FCFF4 1 1322         LCR   R2=FFFFFFE1 R2=FFFFFFE1
 800FCFF6 2 ED0200000049 SRXT  F0=2A00480000000000 F0=2A00480000000000 S2(0000001F)
 800FCFFC 2 B3EB0000     CSXTR R0=0000000000000000 F0=2200400000000000 M4=0
 800FD000 2 EB23FB840004 LMG   R2=FFFFFFFF0000001F R3=F4F4F4F4F4F4F4F4 S2(000FDB56)=F4F4F4F4800FFA00
 800FD006 2 07FE         BR    RE(800FFE7E)=EB0190B80024 STMG 

 800FFE7E 2 EB0190B80024 STMG  R0=0000000000000000 R1=000000000000210C S2(000FCC58)=F6F6F6F6F6F6F6F6
 800FFE84 2 F82F40A190B8 ZAP   S1(000FFAF1)=00000C S2(000FCC58)=0000000000000000000000000000210C
 800FFE8A 2 F27E90B84082 PACK  S1(000FCC58)=0000000000000000 S2(000FFAD2)=F0F0F0F0F0F0F0F0F0F0F0F0F0F0F0
 800FFE90 2 F27E90BF4090 PACK  S1(000FCC5F)=0F00000000000021 S2(000FFAE0)=F0F0F0F0F0F0F0F0F0F0F1F5F0F0F0
 800FFE96 2 F21290C6409E PACK  S1(000FCC66)=0F0C S2(000FFAEE)=F0F0C0
 800FFE9C 2 F0F090B8003B SRP   S1(000FCC58)=0000000000000000000000001500000C S2(0000003B) I3=0
 800FFEA2 2 FA2F40A190B8 AP    S1(000FFAF1)=00210C S2(000FCC58)=0000000000000000000000000000015C
 800FFEA8 2 4810D0B9     LH    R1=0000210C S2(000FFFF1)=0000
 800FFEAC 2 58F09030     L     RF=000FCFD2 S2(000FCBD0)=000FD378
 800FFEB0 2 07FF         BR    RF(000FD378)=58DD0004 L    

 800FD378 2 58DD0004     L     RD=000FFF38 S2(000FFF3C)=800FF990
 800FD37C 2 58ED000C     L     RE=800FFE7E S2(000FF99C)=800FFA0C
 800FD380 2 18F1         LR    RF=000FD378 R1=00000000
 800FD382 2 982CD01C     LM    R2=800FFA00 RC=F4F4F4F4 S2(000FF9AC)=F4F4F4F4
 800FD386 2 07FE         BR    RE(800FFA0C)=DE06D0B6D161 ED   

 800FFA0C 2 DE06D0B6D161 ED    S1(000FFA46)=40202020214B20 S2(000FFAF1)=00225CF6F6F6F6='.?*6666'
 800FFA12 2 4110D0A4     LA    R1=00000000 S2(000FFA34)
 800FFA16 2 0A23         SVC   I1=23 WTO R1=ADDR(AL2(LEN),AL2(FLAGS),C'MSG')
COMPUTE TOTAL=   22.5
 800FFA18 2 41F00000     LA    RF=00000000 S2(00000000)
 800FFA1C 2 58D0D004     L     RD=800FF990 S2(000FF994)=00002100
 800FFA20 2 58E0D00C     L     RE=800FFA0C S2(0000210C)=00002018
 800FFA24 2 982CD01C     LM    R2=F4F4F4F4 RC=F4F4F4F4 S2(0000211C)=F4F4F4F4
 800FFA28 2 07FE         BR    RE(00002018)=0A03 SVC  

 80002018 2 0A03         SVC   I1=03 EXIT
14:09:09 CALLCOMP  EZ390 ENDED   RC= 0 SEC= 0 MEM(MB)= 14 IO=189 INS=333
